#
# There is insufficient memory for the Java Runtime Environment to continue.
# Native memory allocation (malloc) failed to allocate 1259536 bytes. Error detail: Chunk::new
# Possible reasons:
#   The system is out of physical RAM or swap space
#   This process is running with CompressedOops enabled, and the Java Heap may be blocking the growth of the native heap
# Possible solutions:
#   Reduce memory load on the system
#   Increase physical memory or swap space
#   Check if swap backing store is full
#   Decrease Java heap size (-Xmx/-Xms)
#   Decrease number of Java threads
#   Decrease Java thread stack sizes (-Xss)
#   Set larger code cache with -XX:ReservedCodeCacheSize=
#   JVM is running with Unscaled Compressed Oops mode in which the Java heap is
#     placed in the first 4GB address space. The Java Heap base address is the
#     maximum limit for the native heap growth. Please use -XX:HeapBaseMinAddress
#     to set the Java Heap base and to place the Java Heap above 4GB virtual address.
# This output file may be truncated or incomplete.
#
#  Out of Memory Error (arena.cpp:168), pid=31420, tid=37636
#
# JRE version: OpenJDK Runtime Environment Temurin-21.0.8+9 (21.0.8+9) (build 21.0.8+9-LTS)
# Java VM: OpenJDK 64-Bit Server VM Temurin-21.0.8+9 (21.0.8+9-LTS, mixed mode, sharing, tiered, compressed oops, compressed class ptrs, parallel gc, windows-amd64)
# No core dump will be written. Minidumps are not enabled by default on client versions of Windows
#

---------------  S U M M A R Y ------------

Command Line: --add-modules=ALL-SYSTEM --add-opens=java.base/java.util=ALL-UNNAMED --add-opens=java.base/java.lang=ALL-UNNAMED --add-opens=java.base/sun.nio.fs=ALL-UNNAMED -Declipse.application=org.eclipse.jdt.ls.core.id1 -Dosgi.bundles.defaultStartLevel=4 -Declipse.product=org.eclipse.jdt.ls.core.product -Djava.import.generatesMetadataFilesAtProjectRoot=false -DDetectVMInstallationsJob.disabled=true -Dfile.encoding=utf8 -XX:+UseParallelGC -XX:GCTimeRatio=4 -XX:AdaptiveSizePolicyWeight=90 -Dsun.zip.disableMemoryMapping=true -Xmx2G -Xms100m -Xlog:disable -javaagent:c:\Users\ADMIN\.vscode\extensions\redhat.java-1.46.0-win32-x64\lombok\lombok-1.18.39-4050.jar -XX:+HeapDumpOnOutOfMemoryError -XX:HeapDumpPath=c:\Users\ADMIN\AppData\Roaming\Code\User\workspaceStorage\5e1af661d9d3fb97cefa863b76c81324\redhat.java -Daether.dependencyCollector.impl=bf c:\Users\ADMIN\.vscode\extensions\redhat.java-1.46.0-win32-x64\server\plugins\org.eclipse.equinox.launcher_1.7.0.v20250519-0528.jar -configuration c:\Users\ADMIN\AppData\Roaming\Code\User\globalStorage\redhat.java\1.46.0\config_win -data c:\Users\ADMIN\AppData\Roaming\Code\User\workspaceStorage\5e1af661d9d3fb97cefa863b76c81324\redhat.java\jdt_ws --pipe=\\.\pipe\lsp-344189295b4f666b117c3404b4ceb5fd-sock

Host: Intel(R) Core(TM) i5-8350U CPU @ 1.70GHz, 8 cores, 15G,  Windows 10 , 64 bit Build 19041 (10.0.19041.928)
Time: Mon Oct 27 12:56:42 2025 India Standard Time elapsed time: 12.255977 seconds (0d 0h 0m 12s)

---------------  T H R E A D  ---------------

Current thread (0x0000021b88a14fc0):  JavaThread "C2 CompilerThread0" daemon [_thread_in_native, id=37636, stack(0x000000afda500000,0x000000afda600000) (1024K)]


Current CompileTask:
C2:12256 7788   !   4       java.nio.file.FileTreeWalker::visit (204 bytes)

Stack: [0x000000afda500000,0x000000afda600000]
Native frames: (J=compiled Java code, j=interpreted, Vv=VM code, C=native code)
V  [jvm.dll+0x6d2449]
V  [jvm.dll+0x8ae341]
V  [jvm.dll+0x8b08be]
V  [jvm.dll+0x8b0fa3]
V  [jvm.dll+0x280c96]
V  [jvm.dll+0xc581d]
V  [jvm.dll+0xc5d53]
V  [jvm.dll+0x3b9162]
V  [jvm.dll+0x1e1409]
V  [jvm.dll+0x249022]
V  [jvm.dll+0x2484af]
V  [jvm.dll+0x1c89ee]
V  [jvm.dll+0x257d4d]
V  [jvm.dll+0x2562ea]
V  [jvm.dll+0x3f2d16]
V  [jvm.dll+0x857e6b]
V  [jvm.dll+0x6d0b0d]
C  [ucrtbase.dll+0x21bb2]
C  [KERNEL32.DLL+0x17034]
C  [ntdll.dll+0x52651]


---------------  P R O C E S S  ---------------

Threads class SMR info:
_java_thread_list=0x0000021bea3bc040, length=48, elements={
0x0000021b8678f640, 0x0000021b889f8400, 0x0000021b88b3c570, 0x0000021b88b3e3f0,
0x0000021b889fd870, 0x0000021b88a04e20, 0x0000021b88a0bcb0, 0x0000021b88a14fc0,
0x0000021b88a15fd0, 0x0000021b88af7020, 0x0000021be63209c0, 0x0000021be6c5c5e0,
0x0000021be6aa19b0, 0x0000021be69a6e80, 0x0000021be6e15a60, 0x0000021be70c26b0,
0x0000021be70c1300, 0x0000021be70c1990, 0x0000021be6cc1d70, 0x0000021be6cc3e40,
0x0000021be6cc65a0, 0x0000021be6cc2400, 0x0000021be6cc2a90, 0x0000021be6cc1050,
0x0000021be6cc7950, 0x0000021be6cc16e0, 0x0000021be6cc3120, 0x0000021be6cc37b0,
0x0000021be6cc72c0, 0x0000021be6cc44d0, 0x0000021be6cc51f0, 0x0000021be6cc7fe0,
0x0000021be6cc6c30, 0x0000021be6cc8670, 0x0000021be6cc4b60, 0x0000021be6cc5880,
0x0000021be6cc5f10, 0x0000021be89bece0, 0x0000021be89c2e80, 0x0000021be89c2160,
0x0000021be89bf370, 0x0000021be89c0db0, 0x0000021be89c1440, 0x0000021be89c3510,
0x0000021be89c1ad0, 0x0000021be89c48c0, 0x0000021be62c6ed0, 0x0000021be611b580
}

Java Threads: ( => current thread )
  0x0000021b8678f640 JavaThread "main"                              [_thread_blocked, id=21052, stack(0x000000afd9b00000,0x000000afd9c00000) (1024K)]
  0x0000021b889f8400 JavaThread "Reference Handler"          daemon [_thread_blocked, id=41024, stack(0x000000afd9f00000,0x000000afda000000) (1024K)]
  0x0000021b88b3c570 JavaThread "Finalizer"                  daemon [_thread_blocked, id=38156, stack(0x000000afda000000,0x000000afda100000) (1024K)]
  0x0000021b88b3e3f0 JavaThread "Signal Dispatcher"          daemon [_thread_blocked, id=20900, stack(0x000000afda100000,0x000000afda200000) (1024K)]
  0x0000021b889fd870 JavaThread "Attach Listener"            daemon [_thread_blocked, id=37716, stack(0x000000afda200000,0x000000afda300000) (1024K)]
  0x0000021b88a04e20 JavaThread "Service Thread"             daemon [_thread_blocked, id=27844, stack(0x000000afda300000,0x000000afda400000) (1024K)]
  0x0000021b88a0bcb0 JavaThread "Monitor Deflation Thread"   daemon [_thread_blocked, id=55268, stack(0x000000afda400000,0x000000afda500000) (1024K)]
=>0x0000021b88a14fc0 JavaThread "C2 CompilerThread0"         daemon [_thread_in_native, id=37636, stack(0x000000afda500000,0x000000afda600000) (1024K)]
  0x0000021b88a15fd0 JavaThread "C1 CompilerThread0"         daemon [_thread_in_native, id=49544, stack(0x000000afda600000,0x000000afda700000) (1024K)]
  0x0000021b88af7020 JavaThread "Common-Cleaner"             daemon [_thread_blocked, id=52728, stack(0x000000afda700000,0x000000afda800000) (1024K)]
  0x0000021be63209c0 JavaThread "Notification Thread"        daemon [_thread_blocked, id=31728, stack(0x000000afda900000,0x000000afdaa00000) (1024K)]
  0x0000021be6c5c5e0 JavaThread "Active Thread: Equinox Container: e237ea5c-52f8-4b95-9b27-3d48ce1aecc6"        [_thread_blocked, id=41352, stack(0x000000afdb100000,0x000000afdb200000) (1024K)]
  0x0000021be6aa19b0 JavaThread "Refresh Thread: Equinox Container: e237ea5c-52f8-4b95-9b27-3d48ce1aecc6" daemon [_thread_blocked, id=54812, stack(0x000000afdb300000,0x000000afdb400000) (1024K)]
  0x0000021be69a6e80 JavaThread "Framework Event Dispatcher: Equinox Container: e237ea5c-52f8-4b95-9b27-3d48ce1aecc6" daemon [_thread_blocked, id=45824, stack(0x000000afdb400000,0x000000afdb500000) (1024K)]
  0x0000021be6e15a60 JavaThread "Start Level: Equinox Container: e237ea5c-52f8-4b95-9b27-3d48ce1aecc6" daemon [_thread_blocked, id=16376, stack(0x000000afdb500000,0x000000afdb600000) (1024K)]
  0x0000021be70c26b0 JavaThread "Bundle File Closer"         daemon [_thread_blocked, id=39028, stack(0x000000afdb600000,0x000000afdb700000) (1024K)]
  0x0000021be70c1300 JavaThread "SCR Component Actor"        daemon [_thread_blocked, id=25660, stack(0x000000afdb700000,0x000000afdb800000) (1024K)]
  0x0000021be70c1990 JavaThread "Worker-JM"                         [_thread_blocked, id=53384, stack(0x000000afdb800000,0x000000afdb900000) (1024K)]
  0x0000021be6cc1d70 JavaThread "JNA Cleaner"                daemon [_thread_blocked, id=48840, stack(0x000000afdaa00000,0x000000afdab00000) (1024K)]
  0x0000021be6cc3e40 JavaThread "Worker-0"                          [_thread_blocked, id=56044, stack(0x000000afdb900000,0x000000afdba00000) (1024K)]
  0x0000021be6cc65a0 JavaThread "Worker-1: Initialize workspace"        [_thread_in_vm, id=52280, stack(0x000000afdbb00000,0x000000afdbc00000) (1024K)]
  0x0000021be6cc2400 JavaThread "Java indexing"              daemon [_thread_blocked, id=54584, stack(0x000000afdbc00000,0x000000afdbd00000) (1024K)]
  0x0000021be6cc2a90 JavaThread "Worker-2"                          [_thread_blocked, id=41772, stack(0x000000afdbd00000,0x000000afdbe00000) (1024K)]
  0x0000021be6cc1050 JavaThread "Worker-3"                          [_thread_blocked, id=46648, stack(0x000000afdbe00000,0x000000afdbf00000) (1024K)]
  0x0000021be6cc7950 JavaThread "Worker-4"                          [_thread_blocked, id=54920, stack(0x000000afdbf00000,0x000000afdc000000) (1024K)]
  0x0000021be6cc16e0 JavaThread "Worker-5"                          [_thread_blocked, id=53280, stack(0x000000afdc000000,0x000000afdc100000) (1024K)]
  0x0000021be6cc3120 JavaThread "Thread-1"                   daemon [_thread_in_native, id=31196, stack(0x000000afdc100000,0x000000afdc200000) (1024K)]
  0x0000021be6cc37b0 JavaThread "Thread-2"                   daemon [_thread_in_native, id=52836, stack(0x000000afdc200000,0x000000afdc300000) (1024K)]
  0x0000021be6cc72c0 JavaThread "Thread-3"                   daemon [_thread_in_native, id=52200, stack(0x000000afdc300000,0x000000afdc400000) (1024K)]
  0x0000021be6cc44d0 JavaThread "Thread-4"                   daemon [_thread_in_native, id=42016, stack(0x000000afdc400000,0x000000afdc500000) (1024K)]
  0x0000021be6cc51f0 JavaThread "Thread-5"                   daemon [_thread_in_native, id=11440, stack(0x000000afdc500000,0x000000afdc600000) (1024K)]
  0x0000021be6cc7fe0 JavaThread "Thread-6"                   daemon [_thread_in_native, id=53452, stack(0x000000afdc600000,0x000000afdc700000) (1024K)]
  0x0000021be6cc6c30 JavaThread "Thread-7"                   daemon [_thread_in_native, id=54604, stack(0x000000afdc700000,0x000000afdc800000) (1024K)]
  0x0000021be6cc8670 JavaThread "Thread-8"                   daemon [_thread_in_native, id=55456, stack(0x000000afdc800000,0x000000afdc900000) (1024K)]
  0x0000021be6cc4b60 JavaThread "Thread-9"                   daemon [_thread_in_native, id=52592, stack(0x000000afdc900000,0x000000afdca00000) (1024K)]
  0x0000021be6cc5880 JavaThread "pool-2-thread-1"                   [_thread_blocked, id=53120, stack(0x000000afdca00000,0x000000afdcb00000) (1024K)]
  0x0000021be6cc5f10 JavaThread "WorkspaceEventsHandler"            [_thread_blocked, id=44208, stack(0x000000afdcb00000,0x000000afdcc00000) (1024K)]
  0x0000021be89bece0 JavaThread "pool-1-thread-1"                   [_thread_blocked, id=34412, stack(0x000000afdcc00000,0x000000afdcd00000) (1024K)]
  0x0000021be89c2e80 JavaThread "ForkJoinPool.commonPool-worker-1" daemon [_thread_blocked, id=50308, stack(0x000000afdcd00000,0x000000afdce00000) (1024K)]
  0x0000021be89c2160 JavaThread "ForkJoinPool.commonPool-worker-2" daemon [_thread_blocked, id=46204, stack(0x000000afdce00000,0x000000afdcf00000) (1024K)]
  0x0000021be89bf370 JavaThread "ForkJoinPool.commonPool-worker-3" daemon [_thread_blocked, id=45748, stack(0x000000afdcf00000,0x000000afdd000000) (1024K)]
  0x0000021be89c0db0 JavaThread "ForkJoinPool.commonPool-worker-4" daemon [_thread_blocked, id=54956, stack(0x000000afdd000000,0x000000afdd100000) (1024K)]
  0x0000021be89c1440 JavaThread "ForkJoinPool.commonPool-worker-5" daemon [_thread_blocked, id=41488, stack(0x000000afdd100000,0x000000afdd200000) (1024K)]
  0x0000021be89c3510 JavaThread "ForkJoinPool.commonPool-worker-6" daemon [_thread_blocked, id=54424, stack(0x000000afdd200000,0x000000afdd300000) (1024K)]
  0x0000021be89c1ad0 JavaThread "ForkJoinPool.commonPool-worker-7" daemon [_thread_in_native, id=53852, stack(0x000000afdd300000,0x000000afdd400000) (1024K)]
  0x0000021be89c48c0 JavaThread "Timer-0"                           [_thread_blocked, id=47000, stack(0x000000afdd400000,0x000000afdd500000) (1024K)]
  0x0000021be62c6ed0 JavaThread "C2 CompilerThread1"         daemon [_thread_in_native, id=37460, stack(0x000000afda800000,0x000000afda900000) (1024K)]
  0x0000021be611b580 JavaThread "C2 CompilerThread2"         daemon [_thread_in_native, id=12072, stack(0x000000afdba00000,0x000000afdbb00000) (1024K)]
Total: 48

Other Threads:
  0x0000021b889f3710 VMThread "VM Thread"                           [id=7952, stack(0x000000afd9e00000,0x000000afd9f00000) (1024K)]
  0x0000021b8890bc60 WatcherThread "VM Periodic Task Thread"        [id=40056, stack(0x000000afd9d00000,0x000000afd9e00000) (1024K)]
  0x0000021b88aa7200 WorkerThread "GC Thread#0"                     [id=27780, stack(0x000000afd9c00000,0x000000afd9d00000) (1024K)]
  0x0000021be63dd040 WorkerThread "GC Thread#1"                     [id=46024, stack(0x000000afdab00000,0x000000afdac00000) (1024K)]
  0x0000021be6ab3430 WorkerThread "GC Thread#2"                     [id=31184, stack(0x000000afdac00000,0x000000afdad00000) (1024K)]
  0x0000021be6ab37d0 WorkerThread "GC Thread#3"                     [id=48500, stack(0x000000afdad00000,0x000000afdae00000) (1024K)]
  0x0000021be63f8ae0 WorkerThread "GC Thread#4"                     [id=39300, stack(0x000000afdae00000,0x000000afdaf00000) (1024K)]
  0x0000021be63f8e80 WorkerThread "GC Thread#5"                     [id=55528, stack(0x000000afdaf00000,0x000000afdb000000) (1024K)]
  0x0000021be63f9220 WorkerThread "GC Thread#6"                     [id=39552, stack(0x000000afdb000000,0x000000afdb100000) (1024K)]
  0x0000021be6ea2590 WorkerThread "GC Thread#7"                     [id=52904, stack(0x000000afdb200000,0x000000afdb300000) (1024K)]
Total: 10

Threads with active compile tasks:
C2 CompilerThread0  12346 7788   !   4       java.nio.file.FileTreeWalker::visit (204 bytes)
C1 CompilerThread0  12346 8163       2       java.util.stream.AbstractPipeline::sourceSpliterator (265 bytes)
C2 CompilerThread1  12346 7914       4       jdk.internal.jrtfs.JrtFileSystem::lambda$iteratorOf$2 (20 bytes)
C2 CompilerThread2  12346 7786   !   4       java.nio.file.FileTreeWalker::next (144 bytes)
Total: 4

VM state: not at safepoint (normal execution)

VM Mutex/Monitor currently owned by a thread: None

Heap address: 0x0000000080000000, size: 2048 MB, Compressed Oops mode: 32-bit

CDS archive(s) mapped at: [0x0000021ba0000000-0x0000021ba0ba0000-0x0000021ba0ba0000), size 12189696, SharedBaseAddress: 0x0000021ba0000000, ArchiveRelocationMode: 1.
Compressed class space mapped at: 0x0000021ba1000000-0x0000021be1000000, reserved size: 1073741824
Narrow klass base: 0x0000021ba0000000, Narrow klass shift: 0, Narrow klass range: 0x100000000

GC Precious Log:
 CardTable entry size: 512
 CPUs: 8 total, 8 available
 Memory: 16227M
 Large Page Support: Disabled
 NUMA Support: Disabled
 Compressed Oops: Enabled (32-bit)
 Alignments: Space 512K, Generation 512K, Heap 2M
 Heap Min Capacity: 100M
 Heap Initial Capacity: 100M
 Heap Max Capacity: 2G
 Pre-touch: Disabled
 Parallel Workers: 8

Heap:
 PSYoungGen      total 16384K, used 6265K [0x00000000d5580000, 0x00000000d6a80000, 0x0000000100000000)
  eden space 14848K, 32% used [0x00000000d5580000,0x00000000d5a250a8,0x00000000d6400000)
  from space 1536K, 98% used [0x00000000d6900000,0x00000000d6a79740,0x00000000d6a80000)
  to   space 2048K, 0% used [0x00000000d6680000,0x00000000d6680000,0x00000000d6880000)
 ParOldGen       total 96768K, used 96582K [0x0000000080000000, 0x0000000085e80000, 0x00000000d5580000)
  object space 96768K, 99% used [0x0000000080000000,0x0000000085e51be0,0x0000000085e80000)
 Metaspace       used 57473K, committed 58816K, reserved 1114112K
  class space    used 6755K, committed 7296K, reserved 1048576K

Card table byte_map: [0x0000021b88420000,0x0000021b88830000] _byte_map_base: 0x0000021b88020000

Marking Bits: (ParMarkBitMap*) 0x00007ffd4a34a340
 Begin Bits: [0x0000021b9af20000, 0x0000021b9cf20000)
 End Bits:   [0x0000021b9cf20000, 0x0000021b9ef20000)

Polling page: 0x0000021b86900000

Metaspace:

Usage:
  Non-class:     49.53 MB used.
      Class:      6.60 MB used.
       Both:     56.13 MB used.

Virtual space:
  Non-class space:       64.00 MB reserved,      50.31 MB ( 79%) committed,  1 nodes.
      Class space:        1.00 GB reserved,       7.12 MB ( <1%) committed,  1 nodes.
             Both:        1.06 GB reserved,      57.44 MB (  5%) committed. 

Chunk freelists:
   Non-Class:  13.73 MB
       Class:  8.82 MB
        Both:  22.55 MB

MaxMetaspaceSize: unlimited
CompressedClassSpaceSize: 1.00 GB
Initial GC threshold: 21.00 MB
Current GC threshold: 58.38 MB
CDS: on
 - commit_granule_bytes: 65536.
 - commit_granule_words: 8192.
 - virtual_space_node_default_size: 8388608.
 - enlarge_chunks_in_place: 1.
 - use_allocation_guard: 0.


Internal statistics:

num_allocs_failed_limit: 6.
num_arena_births: 1058.
num_arena_deaths: 40.
num_vsnodes_births: 2.
num_vsnodes_deaths: 0.
num_space_committed: 919.
num_space_uncommitted: 0.
num_chunks_returned_to_freelist: 51.
num_chunks_taken_from_freelist: 3596.
num_chunk_merges: 13.
num_chunk_splits: 2285.
num_chunks_enlarged: 1426.
num_inconsistent_stats: 0.

CodeHeap 'non-profiled nmethods': size=120000Kb used=4636Kb max_used=4636Kb free=115364Kb
 bounds [0x0000021b93740000, 0x0000021b93bd0000, 0x0000021b9ac70000]
CodeHeap 'profiled nmethods': size=120000Kb used=15087Kb max_used=15087Kb free=104912Kb
 bounds [0x0000021b8bc70000, 0x0000021b8cb30000, 0x0000021b931a0000]
CodeHeap 'non-nmethods': size=5760Kb used=1388Kb max_used=1479Kb free=4371Kb
 bounds [0x0000021b931a0000, 0x0000021b93410000, 0x0000021b93740000]
CodeCache: size=245760Kb, used=21111Kb, max_used=21202Kb, free=224647Kb
 total_blobs=8186, nmethods=7498, adapters=594, full_count=0
Compilation: enabled, stopped_count=0, restarted_count=0

Compilation events (20 events):
Event: 12.235 Thread 0x0000021b88a15fd0 nmethod 8027 0x0000021b93bbd890 code [0x0000021b93bbda20, 0x0000021b93bbdae8]
Event: 12.235 Thread 0x0000021b88a15fd0 8050       3       java.util.regex.Pattern::atom (422 bytes)
Event: 12.237 Thread 0x0000021be62c6ed0 nmethod 8030 0x0000021b93bbdb90 code [0x0000021b93bbdd20, 0x0000021b93bbdec8]
Event: 12.237 Thread 0x0000021b88a15fd0 nmethod 8050 0x0000021b8cadba10 code [0x0000021b8cadbda0, 0x0000021b8cadd390]
Event: 12.237 Thread 0x0000021be62c6ed0 7845       4       org.eclipse.jdt.internal.compiler.classfmt.ClassFileStruct::u2At (35 bytes)
Event: 12.238 Thread 0x0000021b88a15fd0 8051       2       java.util.ServiceLoader$ModuleServicesLookupIterator::iteratorFor (191 bytes)
Event: 12.239 Thread 0x0000021be62c6ed0 nmethod 7845 0x0000021b93bbdf90 code [0x0000021b93bbe120, 0x0000021b93bbe230]
Event: 12.239 Thread 0x0000021be62c6ed0 7908       4       java.util.Spliterators$1Adapter::next (39 bytes)
Event: 12.240 Thread 0x0000021be62c6ed0 nmethod 7908 0x0000021b93bbe310 code [0x0000021b93bbe4a0, 0x0000021b93bbe558]
Event: 12.240 Thread 0x0000021be62c6ed0 7910       4       java.util.stream.StreamSpliterators$WrappingSpliterator$$Lambda/0x0000021ba1026390::accept (9 bytes)
Event: 12.241 Thread 0x0000021b88a15fd0 nmethod 8051 0x0000021b8cadda90 code [0x0000021b8cadde20, 0x0000021b8cadeca8]
Event: 12.241 Thread 0x0000021b88a15fd0 8053       2       org.eclipse.core.runtime.Path::isPrefixOf (118 bytes)
Event: 12.242 Thread 0x0000021b88a15fd0 nmethod 8053 0x0000021b8cadf890 code [0x0000021b8cadfaa0, 0x0000021b8cadfff8]
Event: 12.242 Thread 0x0000021b88a15fd0 8055   !   3       java.util.concurrent.ConcurrentHashMap::putVal (432 bytes)
Event: 12.245 Thread 0x0000021b88a15fd0 nmethod 8055 0x0000021b8cae0310 code [0x0000021b8cae0680, 0x0000021b8cae1f58]
Event: 12.245 Thread 0x0000021b88a15fd0 8057       2       org.eclipse.jdt.internal.core.JavaElement::getElementInfo (18 bytes)
Event: 12.245 Thread 0x0000021b88a15fd0 nmethod 8057 0x0000021b8cae2910 code [0x0000021b8cae2ae0, 0x0000021b8cae2ca0]
Event: 12.245 Thread 0x0000021b88a15fd0 8056   !   2       org.eclipse.jdt.internal.core.JarPackageFragmentRoot::<init> (87 bytes)
Event: 12.246 Thread 0x0000021be62c6ed0 nmethod 7910 0x0000021b93bbe610 code [0x0000021b93bbe7e0, 0x0000021b93bbead0]
Event: 12.246 Thread 0x0000021be62c6ed0 7912       4       jdk.internal.jrtfs.JrtFileAttributes::isDirectory (8 bytes)

GC Heap History (20 events):
Event: 11.132 GC heap before
{Heap before GC invocations=38 (full 2):
 PSYoungGen      total 15360K, used 15040K [0x00000000d5580000, 0x00000000d7000000, 0x0000000100000000)
  eden space 14848K, 100% used [0x00000000d5580000,0x00000000d6400000,0x00000000d6400000)
  from space 512K, 37% used [0x00000000d6f00000,0x00000000d6f30000,0x00000000d6f80000)
  to   space 512K, 0% used [0x00000000d6f80000,0x00000000d6f80000,0x00000000d7000000)
 ParOldGen       total 72704K, used 72613K [0x0000000080000000, 0x0000000084700000, 0x00000000d5580000)
  object space 72704K, 99% used [0x0000000080000000,0x00000000846e9638,0x0000000084700000)
 Metaspace       used 54755K, committed 56000K, reserved 1114112K
  class space    used 6474K, committed 7040K, reserved 1048576K
}
Event: 11.133 GC heap after
{Heap after GC invocations=38 (full 2):
 PSYoungGen      total 15360K, used 160K [0x00000000d5580000, 0x00000000d7000000, 0x0000000100000000)
  eden space 14848K, 0% used [0x00000000d5580000,0x00000000d5580000,0x00000000d6400000)
  from space 512K, 31% used [0x00000000d6f80000,0x00000000d6fa8000,0x00000000d7000000)
  to   space 512K, 0% used [0x00000000d6f00000,0x00000000d6f00000,0x00000000d6f80000)
 ParOldGen       total 72704K, used 72653K [0x0000000080000000, 0x0000000084700000, 0x00000000d5580000)
  object space 72704K, 99% used [0x0000000080000000,0x00000000846f3638,0x0000000084700000)
 Metaspace       used 54755K, committed 56000K, reserved 1114112K
  class space    used 6474K, committed 7040K, reserved 1048576K
}
Event: 11.280 GC heap before
{Heap before GC invocations=39 (full 2):
 PSYoungGen      total 15360K, used 15008K [0x00000000d5580000, 0x00000000d7000000, 0x0000000100000000)
  eden space 14848K, 100% used [0x00000000d5580000,0x00000000d6400000,0x00000000d6400000)
  from space 512K, 31% used [0x00000000d6f80000,0x00000000d6fa8000,0x00000000d7000000)
  to   space 512K, 0% used [0x00000000d6f00000,0x00000000d6f00000,0x00000000d6f80000)
 ParOldGen       total 72704K, used 72653K [0x0000000080000000, 0x0000000084700000, 0x00000000d5580000)
  object space 72704K, 99% used [0x0000000080000000,0x00000000846f3638,0x0000000084700000)
 Metaspace       used 55288K, committed 56640K, reserved 1114112K
  class space    used 6532K, committed 7104K, reserved 1048576K
}
Event: 11.284 GC heap after
{Heap after GC invocations=39 (full 2):
 PSYoungGen      total 15360K, used 487K [0x00000000d5580000, 0x00000000d7500000, 0x0000000100000000)
  eden space 14848K, 0% used [0x00000000d5580000,0x00000000d5580000,0x00000000d6400000)
  from space 512K, 95% used [0x00000000d6f00000,0x00000000d6f79e00,0x00000000d6f80000)
  to   space 5632K, 0% used [0x00000000d6f80000,0x00000000d6f80000,0x00000000d7500000)
 ParOldGen       total 79872K, used 79478K [0x0000000080000000, 0x0000000084e00000, 0x00000000d5580000)
  object space 79872K, 99% used [0x0000000080000000,0x0000000084d9d998,0x0000000084e00000)
 Metaspace       used 55288K, committed 56640K, reserved 1114112K
  class space    used 6532K, committed 7104K, reserved 1048576K
}
Event: 11.538 GC heap before
{Heap before GC invocations=40 (full 2):
 PSYoungGen      total 15360K, used 15335K [0x00000000d5580000, 0x00000000d7500000, 0x0000000100000000)
  eden space 14848K, 100% used [0x00000000d5580000,0x00000000d6400000,0x00000000d6400000)
  from space 512K, 95% used [0x00000000d6f00000,0x00000000d6f79e00,0x00000000d6f80000)
  to   space 5632K, 0% used [0x00000000d6f80000,0x00000000d6f80000,0x00000000d7500000)
 ParOldGen       total 79872K, used 79478K [0x0000000080000000, 0x0000000084e00000, 0x00000000d5580000)
  object space 79872K, 99% used [0x0000000080000000,0x0000000084d9d998,0x0000000084e00000)
 Metaspace       used 56307K, committed 57664K, reserved 1114112K
  class space    used 6632K, committed 7232K, reserved 1048576K
}
Event: 11.544 GC heap after
{Heap after GC invocations=40 (full 2):
 PSYoungGen      total 20480K, used 5552K [0x00000000d5580000, 0x00000000d7500000, 0x0000000100000000)
  eden space 14848K, 0% used [0x00000000d5580000,0x00000000d5580000,0x00000000d6400000)
  from space 5632K, 98% used [0x00000000d6f80000,0x00000000d74ec010,0x00000000d7500000)
  to   space 6144K, 0% used [0x00000000d6900000,0x00000000d6900000,0x00000000d6f00000)
 ParOldGen       total 79872K, used 79784K [0x0000000080000000, 0x0000000084e00000, 0x00000000d5580000)
  object space 79872K, 99% used [0x0000000080000000,0x0000000084dea268,0x0000000084e00000)
 Metaspace       used 56307K, committed 57664K, reserved 1114112K
  class space    used 6632K, committed 7232K, reserved 1048576K
}
Event: 11.679 GC heap before
{Heap before GC invocations=41 (full 2):
 PSYoungGen      total 20480K, used 20400K [0x00000000d5580000, 0x00000000d7500000, 0x0000000100000000)
  eden space 14848K, 100% used [0x00000000d5580000,0x00000000d6400000,0x00000000d6400000)
  from space 5632K, 98% used [0x00000000d6f80000,0x00000000d74ec010,0x00000000d7500000)
  to   space 6144K, 0% used [0x00000000d6900000,0x00000000d6900000,0x00000000d6f00000)
 ParOldGen       total 79872K, used 79784K [0x0000000080000000, 0x0000000084e00000, 0x00000000d5580000)
  object space 79872K, 99% used [0x0000000080000000,0x0000000084dea268,0x0000000084e00000)
 Metaspace       used 56523K, committed 57856K, reserved 1114112K
  class space    used 6644K, committed 7232K, reserved 1048576K
}
Event: 11.683 GC heap after
{Heap after GC invocations=41 (full 2):
 PSYoungGen      total 16896K, used 1760K [0x00000000d5580000, 0x00000000d7000000, 0x0000000100000000)
  eden space 14848K, 0% used [0x00000000d5580000,0x00000000d5580000,0x00000000d6400000)
  from space 2048K, 85% used [0x00000000d6900000,0x00000000d6ab8030,0x00000000d6b00000)
  to   space 3584K, 0% used [0x00000000d6c80000,0x00000000d6c80000,0x00000000d7000000)
 ParOldGen       total 85504K, used 85278K [0x0000000080000000, 0x0000000085380000, 0x00000000d5580000)
  object space 85504K, 99% used [0x0000000080000000,0x00000000853478c0,0x0000000085380000)
 Metaspace       used 56523K, committed 57856K, reserved 1114112K
  class space    used 6644K, committed 7232K, reserved 1048576K
}
Event: 11.786 GC heap before
{Heap before GC invocations=42 (full 2):
 PSYoungGen      total 16896K, used 16608K [0x00000000d5580000, 0x00000000d7000000, 0x0000000100000000)
  eden space 14848K, 100% used [0x00000000d5580000,0x00000000d6400000,0x00000000d6400000)
  from space 2048K, 85% used [0x00000000d6900000,0x00000000d6ab8030,0x00000000d6b00000)
  to   space 3584K, 0% used [0x00000000d6c80000,0x00000000d6c80000,0x00000000d7000000)
 ParOldGen       total 85504K, used 85278K [0x0000000080000000, 0x0000000085380000, 0x00000000d5580000)
  object space 85504K, 99% used [0x0000000080000000,0x00000000853478c0,0x0000000085380000)
 Metaspace       used 56898K, committed 58176K, reserved 1114112K
  class space    used 6705K, committed 7296K, reserved 1048576K
}
Event: 11.790 GC heap after
{Heap after GC invocations=42 (full 2):
 PSYoungGen      total 16896K, used 1777K [0x00000000d5580000, 0x00000000d6e80000, 0x0000000100000000)
  eden space 14848K, 0% used [0x00000000d5580000,0x00000000d5580000,0x00000000d6400000)
  from space 2048K, 86% used [0x00000000d6c80000,0x00000000d6e3c410,0x00000000d6e80000)
  to   space 2048K, 0% used [0x00000000d6900000,0x00000000d6900000,0x00000000d6b00000)
 ParOldGen       total 87040K, used 86870K [0x0000000080000000, 0x0000000085500000, 0x00000000d5580000)
  object space 87040K, 99% used [0x0000000080000000,0x00000000854d58f0,0x0000000085500000)
 Metaspace       used 56898K, committed 58176K, reserved 1114112K
  class space    used 6705K, committed 7296K, reserved 1048576K
}
Event: 11.846 GC heap before
{Heap before GC invocations=43 (full 2):
 PSYoungGen      total 16896K, used 16625K [0x00000000d5580000, 0x00000000d6e80000, 0x0000000100000000)
  eden space 14848K, 100% used [0x00000000d5580000,0x00000000d6400000,0x00000000d6400000)
  from space 2048K, 86% used [0x00000000d6c80000,0x00000000d6e3c410,0x00000000d6e80000)
  to   space 2048K, 0% used [0x00000000d6900000,0x00000000d6900000,0x00000000d6b00000)
 ParOldGen       total 87040K, used 86870K [0x0000000080000000, 0x0000000085500000, 0x00000000d5580000)
  object space 87040K, 99% used [0x0000000080000000,0x00000000854d58f0,0x0000000085500000)
 Metaspace       used 56924K, committed 58240K, reserved 1114112K
  class space    used 6705K, committed 7296K, reserved 1048576K
}
Event: 11.850 GC heap after
{Heap after GC invocations=43 (full 2):
 PSYoungGen      total 16896K, used 1760K [0x00000000d5580000, 0x00000000d6d00000, 0x0000000100000000)
  eden space 14848K, 0% used [0x00000000d5580000,0x00000000d5580000,0x00000000d6400000)
  from space 2048K, 85% used [0x00000000d6900000,0x00000000d6ab8010,0x00000000d6b00000)
  to   space 2048K, 0% used [0x00000000d6b00000,0x00000000d6b00000,0x00000000d6d00000)
 ParOldGen       total 88576K, used 88554K [0x0000000080000000, 0x0000000085680000, 0x00000000d5580000)
  object space 88576K, 99% used [0x0000000080000000,0x000000008567a9e8,0x0000000085680000)
 Metaspace       used 56924K, committed 58240K, reserved 1114112K
  class space    used 6705K, committed 7296K, reserved 1048576K
}
Event: 11.920 GC heap before
{Heap before GC invocations=44 (full 2):
 PSYoungGen      total 16896K, used 16608K [0x00000000d5580000, 0x00000000d6d00000, 0x0000000100000000)
  eden space 14848K, 100% used [0x00000000d5580000,0x00000000d6400000,0x00000000d6400000)
  from space 2048K, 85% used [0x00000000d6900000,0x00000000d6ab8010,0x00000000d6b00000)
  to   space 2048K, 0% used [0x00000000d6b00000,0x00000000d6b00000,0x00000000d6d00000)
 ParOldGen       total 88576K, used 88554K [0x0000000080000000, 0x0000000085680000, 0x00000000d5580000)
  object space 88576K, 99% used [0x0000000080000000,0x000000008567a9e8,0x0000000085680000)
 Metaspace       used 56938K, committed 58240K, reserved 1114112K
  class space    used 6705K, committed 7296K, reserved 1048576K
}
Event: 11.924 GC heap after
{Heap after GC invocations=44 (full 2):
 PSYoungGen      total 16896K, used 1794K [0x00000000d5580000, 0x00000000d6d00000, 0x0000000100000000)
  eden space 14848K, 0% used [0x00000000d5580000,0x00000000d5580000,0x00000000d6400000)
  from space 2048K, 87% used [0x00000000d6b00000,0x00000000d6cc0800,0x00000000d6d00000)
  to   space 2048K, 0% used [0x00000000d6900000,0x00000000d6900000,0x00000000d6b00000)
 ParOldGen       total 90624K, used 90226K [0x0000000080000000, 0x0000000085880000, 0x00000000d5580000)
  object space 90624K, 99% used [0x0000000080000000,0x000000008581c9f8,0x0000000085880000)
 Metaspace       used 56938K, committed 58240K, reserved 1114112K
  class space    used 6705K, committed 7296K, reserved 1048576K
}
Event: 11.981 GC heap before
{Heap before GC invocations=45 (full 2):
 PSYoungGen      total 16896K, used 16642K [0x00000000d5580000, 0x00000000d6d00000, 0x0000000100000000)
  eden space 14848K, 100% used [0x00000000d5580000,0x00000000d6400000,0x00000000d6400000)
  from space 2048K, 87% used [0x00000000d6b00000,0x00000000d6cc0800,0x00000000d6d00000)
  to   space 2048K, 0% used [0x00000000d6900000,0x00000000d6900000,0x00000000d6b00000)
 ParOldGen       total 90624K, used 90226K [0x0000000080000000, 0x0000000085880000, 0x00000000d5580000)
  object space 90624K, 99% used [0x0000000080000000,0x000000008581c9f8,0x0000000085880000)
 Metaspace       used 56944K, committed 58240K, reserved 1114112K
  class space    used 6705K, committed 7296K, reserved 1048576K
}
Event: 11.985 GC heap after
{Heap after GC invocations=45 (full 2):
 PSYoungGen      total 16896K, used 1828K [0x00000000d5580000, 0x00000000d6b80000, 0x0000000100000000)
  eden space 14848K, 0% used [0x00000000d5580000,0x00000000d5580000,0x00000000d6400000)
  from space 2048K, 89% used [0x00000000d6900000,0x00000000d6ac9000,0x00000000d6b00000)
  to   space 512K, 0% used [0x00000000d6b00000,0x00000000d6b00000,0x00000000d6b80000)
 ParOldGen       total 92160K, used 91768K [0x0000000080000000, 0x0000000085a00000, 0x00000000d5580000)
  object space 92160K, 99% used [0x0000000080000000,0x000000008599e3a8,0x0000000085a00000)
 Metaspace       used 56944K, committed 58240K, reserved 1114112K
  class space    used 6705K, committed 7296K, reserved 1048576K
}
Event: 12.055 GC heap before
{Heap before GC invocations=46 (full 2):
 PSYoungGen      total 16896K, used 16676K [0x00000000d5580000, 0x00000000d6b80000, 0x0000000100000000)
  eden space 14848K, 100% used [0x00000000d5580000,0x00000000d6400000,0x00000000d6400000)
  from space 2048K, 89% used [0x00000000d6900000,0x00000000d6ac9000,0x00000000d6b00000)
  to   space 512K, 0% used [0x00000000d6b00000,0x00000000d6b00000,0x00000000d6b80000)
 ParOldGen       total 92160K, used 91768K [0x0000000080000000, 0x0000000085a00000, 0x00000000d5580000)
  object space 92160K, 99% used [0x0000000080000000,0x000000008599e3a8,0x0000000085a00000)
 Metaspace       used 56965K, committed 58304K, reserved 1114112K
  class space    used 6705K, committed 7296K, reserved 1048576K
}
Event: 12.059 GC heap after
{Heap after GC invocations=46 (full 2):
 PSYoungGen      total 15360K, used 512K [0x00000000d5580000, 0x00000000d6b80000, 0x0000000100000000)
  eden space 14848K, 0% used [0x00000000d5580000,0x00000000d5580000,0x00000000d6400000)
  from space 512K, 100% used [0x00000000d6b00000,0x00000000d6b80000,0x00000000d6b80000)
  to   space 3584K, 0% used [0x00000000d6480000,0x00000000d6480000,0x00000000d6800000)
 ParOldGen       total 94720K, used 94374K [0x0000000080000000, 0x0000000085c80000, 0x00000000d5580000)
  object space 94720K, 99% used [0x0000000080000000,0x0000000085c299d0,0x0000000085c80000)
 Metaspace       used 56965K, committed 58304K, reserved 1114112K
  class space    used 6705K, committed 7296K, reserved 1048576K
}
Event: 12.135 GC heap before
{Heap before GC invocations=47 (full 2):
 PSYoungGen      total 15360K, used 15360K [0x00000000d5580000, 0x00000000d6b80000, 0x0000000100000000)
  eden space 14848K, 100% used [0x00000000d5580000,0x00000000d6400000,0x00000000d6400000)
  from space 512K, 100% used [0x00000000d6b00000,0x00000000d6b80000,0x00000000d6b80000)
  to   space 3584K, 0% used [0x00000000d6480000,0x00000000d6480000,0x00000000d6800000)
 ParOldGen       total 94720K, used 94374K [0x0000000080000000, 0x0000000085c80000, 0x00000000d5580000)
  object space 94720K, 99% used [0x0000000080000000,0x0000000085c299d0,0x0000000085c80000)
 Metaspace       used 56984K, committed 58304K, reserved 1114112K
  class space    used 6705K, committed 7296K, reserved 1048576K
}
Event: 12.138 GC heap after
{Heap after GC invocations=47 (full 2):
 PSYoungGen      total 18432K, used 1752K [0x00000000d5580000, 0x00000000d6b80000, 0x0000000100000000)
  eden space 14848K, 0% used [0x00000000d5580000,0x00000000d5580000,0x00000000d6400000)
  from space 3584K, 48% used [0x00000000d6480000,0x00000000d6636210,0x00000000d6800000)
  to   space 2560K, 0% used [0x00000000d6900000,0x00000000d6900000,0x00000000d6b80000)
 ParOldGen       total 95232K, used 94926K [0x0000000080000000, 0x0000000085d00000, 0x00000000d5580000)
  object space 95232K, 99% used [0x0000000080000000,0x0000000085cb39d0,0x0000000085d00000)
 Metaspace       used 56984K, committed 58304K, reserved 1114112K
  class space    used 6705K, committed 7296K, reserved 1048576K
}

Dll operation events (13 events):
Event: 0.015 Loaded shared library c:\Users\ADMIN\.vscode\extensions\redhat.java-1.46.0-win32-x64\jre\21.0.8-win32-x86_64\bin\java.dll
Event: 0.083 Loaded shared library c:\Users\ADMIN\.vscode\extensions\redhat.java-1.46.0-win32-x64\jre\21.0.8-win32-x86_64\bin\zip.dll
Event: 0.113 Loaded shared library C:\Users\ADMIN\.vscode\extensions\redhat.java-1.46.0-win32-x64\jre\21.0.8-win32-x86_64\bin\instrument.dll
Event: 0.119 Loaded shared library C:\Users\ADMIN\.vscode\extensions\redhat.java-1.46.0-win32-x64\jre\21.0.8-win32-x86_64\bin\net.dll
Event: 0.123 Loaded shared library C:\Users\ADMIN\.vscode\extensions\redhat.java-1.46.0-win32-x64\jre\21.0.8-win32-x86_64\bin\nio.dll
Event: 0.128 Loaded shared library C:\Users\ADMIN\.vscode\extensions\redhat.java-1.46.0-win32-x64\jre\21.0.8-win32-x86_64\bin\zip.dll
Event: 0.154 Loaded shared library C:\Users\ADMIN\.vscode\extensions\redhat.java-1.46.0-win32-x64\jre\21.0.8-win32-x86_64\bin\jimage.dll
Event: 0.238 Loaded shared library c:\Users\ADMIN\.vscode\extensions\redhat.java-1.46.0-win32-x64\jre\21.0.8-win32-x86_64\bin\verify.dll
Event: 1.559 Loaded shared library C:\Users\ADMIN\AppData\Roaming\Code\User\globalStorage\redhat.java\1.46.0\config_win\org.eclipse.equinox.launcher\org.eclipse.equinox.launcher.win32.win32.x86_64_1.2.1400.v20250801-0854\eclipse_11916.dll
Event: 3.061 Loaded shared library C:\Users\ADMIN\AppData\Local\Temp\jna-62130991\jna4695007260133124478.dll
Event: 9.244 Loaded shared library C:\Users\ADMIN\.gradle\native\1def1411415f61bf3af743bc5b6707747c0891f09f0c88961ee8f79bc544acac\windows-amd64\native-platform.dll
Event: 10.542 Loaded shared library C:\Users\ADMIN\.vscode\extensions\redhat.java-1.46.0-win32-x64\jre\21.0.8-win32-x86_64\bin\management.dll
Event: 10.546 Loaded shared library C:\Users\ADMIN\.vscode\extensions\redhat.java-1.46.0-win32-x64\jre\21.0.8-win32-x86_64\bin\management_ext.dll

Deoptimization events (20 events):
Event: 11.587 Thread 0x0000021be6cc65a0 DEOPT PACKING pc=0x0000021b93b8c068 sp=0x000000afdbbfd460
Event: 11.587 Thread 0x0000021be6cc65a0 DEOPT UNPACKING pc=0x0000021b931f3aa2 sp=0x000000afdbbfd428 mode 2
Event: 11.587 Thread 0x0000021be6cc65a0 Uncommon trap: trap_request=0xffffffc6 fr.pc=0x0000021b93b8c068 relative=0x0000000000000248
Event: 11.587 Thread 0x0000021be6cc65a0 Uncommon trap: reason=bimorphic_or_optimized_type_check action=maybe_recompile pc=0x0000021b93b8c068 method=jdk.internal.jimage.ImageReader$SharedImageReader.findNode(Ljava/lang/String;)Ljdk/internal/jimage/ImageReader$Node; @ 22 c2
Event: 11.587 Thread 0x0000021be6cc65a0 DEOPT PACKING pc=0x0000021b93b8c068 sp=0x000000afdbbfd460
Event: 11.587 Thread 0x0000021be6cc65a0 DEOPT UNPACKING pc=0x0000021b931f3aa2 sp=0x000000afdbbfd428 mode 2
Event: 11.688 Thread 0x0000021be6cc65a0 Uncommon trap: trap_request=0xffffff45 fr.pc=0x0000021b93b99428 relative=0x0000000000001228
Event: 11.688 Thread 0x0000021be6cc65a0 Uncommon trap: reason=unstable_if action=reinterpret pc=0x0000021b93b99428 method=org.eclipse.jdt.internal.core.util.Util.splitOn(CLjava/lang/String;II)[Ljava/lang/String; @ 21 c2
Event: 11.689 Thread 0x0000021be6cc65a0 DEOPT PACKING pc=0x0000021b93b99428 sp=0x000000afdbbfd680
Event: 11.689 Thread 0x0000021be6cc65a0 DEOPT UNPACKING pc=0x0000021b931f3aa2 sp=0x000000afdbbfd648 mode 2
Event: 11.895 Thread 0x0000021be6cc65a0 DEOPT PACKING pc=0x0000021b8c9eca4e sp=0x000000afdbbfd680
Event: 11.895 Thread 0x0000021be6cc65a0 DEOPT UNPACKING pc=0x0000021b931f4242 sp=0x000000afdbbfcc00 mode 0
Event: 12.227 Thread 0x0000021be89c1ad0 DEOPT PACKING pc=0x0000021b8c81b2a0 sp=0x000000afdd3fe670
Event: 12.227 Thread 0x0000021be89c1ad0 DEOPT UNPACKING pc=0x0000021b931f4242 sp=0x000000afdd3fdb78 mode 3
Event: 12.228 Thread 0x0000021be89c1ad0 Uncommon trap: trap_request=0xffffff45 fr.pc=0x0000021b93ac1e3c relative=0x0000000000000d1c
Event: 12.228 Thread 0x0000021be89c1ad0 Uncommon trap: reason=unstable_if action=reinterpret pc=0x0000021b93ac1e3c method=java.util.concurrent.ConcurrentHashMap.putVal(Ljava/lang/Object;Ljava/lang/Object;Z)Ljava/lang/Object; @ 245 c2
Event: 12.228 Thread 0x0000021be89c1ad0 DEOPT PACKING pc=0x0000021b93ac1e3c sp=0x000000afdd3fe860
Event: 12.228 Thread 0x0000021be89c1ad0 DEOPT UNPACKING pc=0x0000021b931f3aa2 sp=0x000000afdd3fe808 mode 2
Event: 12.234 Thread 0x0000021be89c1ad0 DEOPT PACKING pc=0x0000021b8c2cba41 sp=0x000000afdd3fe560
Event: 12.234 Thread 0x0000021be89c1ad0 DEOPT UNPACKING pc=0x0000021b931f4242 sp=0x000000afdd3fda28 mode 0

Classes loaded (20 events):
Event: 11.405 Loading class jdk/internal/jrtfs/JrtPath
Event: 11.405 Loading class jdk/internal/jrtfs/JrtPath done
Event: 11.406 Loading class jdk/internal/jimage/ImageReader$Node
Event: 11.406 Loading class jdk/internal/jimage/ImageReader$Node done
Event: 11.414 Loading class java/nio/ByteBufferAsIntBufferL
Event: 11.414 Loading class java/nio/ByteBufferAsIntBufferL done
Event: 11.418 Loading class jdk/internal/jimage/ImageReader$Directory
Event: 11.418 Loading class jdk/internal/jimage/ImageReader$Directory done
Event: 11.749 Loading class java/util/AbstractList$ListItr
Event: 11.749 Loading class java/util/AbstractList$ListItr done
Event: 11.758 Loading class java/nio/channels/Channels$ReadableByteChannelImpl
Event: 11.758 Loading class java/nio/channels/Channels$ReadableByteChannelImpl done
Event: 11.758 Loading class java/nio/channels/NonWritableChannelException
Event: 11.758 Loading class java/nio/channels/NonWritableChannelException done
Event: 12.203 Loading class java/util/stream/DistinctOps
Event: 12.204 Loading class java/util/stream/DistinctOps done
Event: 12.204 Loading class java/util/stream/DistinctOps$1
Event: 12.204 Loading class java/util/stream/DistinctOps$1 done
Event: 12.206 Loading class java/util/stream/DistinctOps$1$2
Event: 12.206 Loading class java/util/stream/DistinctOps$1$2 done

Classes unloaded (20 events):
Event: 3.925 Thread 0x0000021b889f3710 Unloading class 0x0000021ba11b0c00 'java/lang/invoke/LambdaForm$MH+0x0000021ba11b0c00'
Event: 3.925 Thread 0x0000021b889f3710 Unloading class 0x0000021ba11b0800 'java/lang/invoke/LambdaForm$MH+0x0000021ba11b0800'
Event: 3.925 Thread 0x0000021b889f3710 Unloading class 0x0000021ba11b0400 'java/lang/invoke/LambdaForm$MH+0x0000021ba11b0400'
Event: 3.925 Thread 0x0000021b889f3710 Unloading class 0x0000021ba11b0000 'java/lang/invoke/LambdaForm$MH+0x0000021ba11b0000'
Event: 3.925 Thread 0x0000021b889f3710 Unloading class 0x0000021ba11afc00 'java/lang/invoke/LambdaForm$BMH+0x0000021ba11afc00'
Event: 3.925 Thread 0x0000021b889f3710 Unloading class 0x0000021ba11af800 'java/lang/invoke/LambdaForm$DMH+0x0000021ba11af800'
Event: 3.925 Thread 0x0000021b889f3710 Unloading class 0x0000021ba11ae400 'java/lang/invoke/LambdaForm$DMH+0x0000021ba11ae400'
Event: 5.394 Thread 0x0000021b889f3710 Unloading class 0x0000021ba132a400 'java/lang/invoke/LambdaForm$MH+0x0000021ba132a400'
Event: 5.394 Thread 0x0000021b889f3710 Unloading class 0x0000021ba1329800 'java/lang/invoke/LambdaForm$MH+0x0000021ba1329800'
Event: 5.394 Thread 0x0000021b889f3710 Unloading class 0x0000021ba1329000 'java/lang/invoke/LambdaForm$MH+0x0000021ba1329000'
Event: 5.394 Thread 0x0000021b889f3710 Unloading class 0x0000021ba1328800 'java/lang/invoke/LambdaForm$MH+0x0000021ba1328800'
Event: 5.394 Thread 0x0000021b889f3710 Unloading class 0x0000021ba1328400 'java/lang/invoke/LambdaForm$DMH+0x0000021ba1328400'
Event: 5.394 Thread 0x0000021b889f3710 Unloading class 0x0000021ba1327800 'java/lang/invoke/LambdaForm$MH+0x0000021ba1327800'
Event: 5.394 Thread 0x0000021b889f3710 Unloading class 0x0000021ba1324400 'java/lang/invoke/LambdaForm$MH+0x0000021ba1324400'
Event: 5.394 Thread 0x0000021b889f3710 Unloading class 0x0000021ba1322800 'java/lang/invoke/LambdaForm$MH+0x0000021ba1322800'
Event: 5.394 Thread 0x0000021b889f3710 Unloading class 0x0000021ba1322000 'java/lang/invoke/LambdaForm$MH+0x0000021ba1322000'
Event: 5.394 Thread 0x0000021b889f3710 Unloading class 0x0000021ba1321800 'java/lang/invoke/LambdaForm$MH+0x0000021ba1321800'
Event: 5.394 Thread 0x0000021b889f3710 Unloading class 0x0000021ba1321400 'java/lang/invoke/LambdaForm$MH+0x0000021ba1321400'
Event: 5.394 Thread 0x0000021b889f3710 Unloading class 0x0000021ba1320800 'java/lang/invoke/LambdaForm$MH+0x0000021ba1320800'
Event: 5.394 Thread 0x0000021b889f3710 Unloading class 0x0000021ba1320000 'java/lang/invoke/LambdaForm$MH+0x0000021ba1320000'

Classes redefined (0 events):
No events

Internal exceptions (20 events):
Event: 12.199 Thread 0x0000021be6cc65a0 Exception <a 'sun/nio/fs/WindowsException'{0x00000000d60a2400}> (0x00000000d60a2400) 
thrown [s\src\hotspot\share\prims\jni.cpp, line 520]
Event: 12.199 Thread 0x0000021be6cc65a0 Exception <a 'sun/nio/fs/WindowsException'{0x00000000d60a2a30}> (0x00000000d60a2a30) 
thrown [s\src\hotspot\share\prims\jni.cpp, line 520]
Event: 12.215 Thread 0x0000021be89c1ad0 Exception <a 'sun/nio/fs/WindowsException'{0x00000000d6130660}> (0x00000000d6130660) 
thrown [s\src\hotspot\share\prims\jni.cpp, line 520]
Event: 12.215 Thread 0x0000021be89c1ad0 Exception <a 'sun/nio/fs/WindowsException'{0x00000000d6130f60}> (0x00000000d6130f60) 
thrown [s\src\hotspot\share\prims\jni.cpp, line 520]
Event: 12.215 Thread 0x0000021be89c1ad0 Exception <a 'sun/nio/fs/WindowsException'{0x00000000d6131ca8}> (0x00000000d6131ca8) 
thrown [s\src\hotspot\share\prims\jni.cpp, line 520]
Event: 12.216 Thread 0x0000021be89c1ad0 Exception <a 'sun/nio/fs/WindowsException'{0x00000000d6132588}> (0x00000000d6132588) 
thrown [s\src\hotspot\share\prims\jni.cpp, line 520]
Event: 12.216 Thread 0x0000021be89c1ad0 Exception <a 'sun/nio/fs/WindowsException'{0x00000000d6133c78}> (0x00000000d6133c78) 
thrown [s\src\hotspot\share\prims\jni.cpp, line 520]
Event: 12.217 Thread 0x0000021be89c1ad0 Exception <a 'sun/nio/fs/WindowsException'{0x00000000d6134558}> (0x00000000d6134558) 
thrown [s\src\hotspot\share\prims\jni.cpp, line 520]
Event: 12.237 Thread 0x0000021be89c1ad0 Exception <a 'sun/nio/fs/WindowsException'{0x00000000d6258ac0}> (0x00000000d6258ac0) 
thrown [s\src\hotspot\share\prims\jni.cpp, line 520]
Event: 12.237 Thread 0x0000021be89c1ad0 Exception <a 'sun/nio/fs/WindowsException'{0x00000000d62595c0}> (0x00000000d62595c0) 
thrown [s\src\hotspot\share\prims\jni.cpp, line 520]
Event: 12.238 Thread 0x0000021be89c1ad0 Exception <a 'sun/nio/fs/WindowsException'{0x00000000d625a928}> (0x00000000d625a928) 
thrown [s\src\hotspot\share\prims\jni.cpp, line 520]
Event: 12.238 Thread 0x0000021be89c1ad0 Exception <a 'sun/nio/fs/WindowsException'{0x00000000d625b208}> (0x00000000d625b208) 
thrown [s\src\hotspot\share\prims\jni.cpp, line 520]
Event: 12.239 Thread 0x0000021be89c1ad0 Exception <a 'sun/nio/fs/WindowsException'{0x00000000d625c2f0}> (0x00000000d625c2f0) 
thrown [s\src\hotspot\share\prims\jni.cpp, line 520]
Event: 12.239 Thread 0x0000021be89c1ad0 Exception <a 'sun/nio/fs/WindowsException'{0x00000000d625ce30}> (0x00000000d625ce30) 
thrown [s\src\hotspot\share\prims\jni.cpp, line 520]
Event: 12.239 Thread 0x0000021be89c1ad0 Exception <a 'sun/nio/fs/WindowsException'{0x00000000d625de40}> (0x00000000d625de40) 
thrown [s\src\hotspot\share\prims\jni.cpp, line 520]
Event: 12.240 Thread 0x0000021be89c1ad0 Exception <a 'sun/nio/fs/WindowsException'{0x00000000d625e940}> (0x00000000d625e940) 
thrown [s\src\hotspot\share\prims\jni.cpp, line 520]
Event: 12.240 Thread 0x0000021be89c1ad0 Exception <a 'sun/nio/fs/WindowsException'{0x00000000d625fca8}> (0x00000000d625fca8) 
thrown [s\src\hotspot\share\prims\jni.cpp, line 520]
Event: 12.240 Thread 0x0000021be89c1ad0 Exception <a 'sun/nio/fs/WindowsException'{0x00000000d6260588}> (0x00000000d6260588) 
thrown [s\src\hotspot\share\prims\jni.cpp, line 520]
Event: 12.241 Thread 0x0000021be89c1ad0 Exception <a 'sun/nio/fs/WindowsException'{0x00000000d6261670}> (0x00000000d6261670) 
thrown [s\src\hotspot\share\prims\jni.cpp, line 520]
Event: 12.241 Thread 0x0000021be89c1ad0 Exception <a 'sun/nio/fs/WindowsException'{0x00000000d62621b0}> (0x00000000d62621b0) 
thrown [s\src\hotspot\share\prims\jni.cpp, line 520]

ZGC Phase Switch (0 events):
No events

VM Operations (20 events):
Event: 11.750 Executing VM operation: HandshakeAllThreads (Deoptimize)
Event: 11.750 Executing VM operation: HandshakeAllThreads (Deoptimize) done
Event: 11.786 Executing VM operation: ParallelGCFailedAllocation (Allocation Failure)
Event: 11.790 Executing VM operation: ParallelGCFailedAllocation (Allocation Failure) done
Event: 11.846 Executing VM operation: ParallelGCFailedAllocation (Allocation Failure)
Event: 11.850 Executing VM operation: ParallelGCFailedAllocation (Allocation Failure) done
Event: 11.920 Executing VM operation: ParallelGCFailedAllocation (Allocation Failure)
Event: 11.924 Executing VM operation: ParallelGCFailedAllocation (Allocation Failure) done
Event: 11.981 Executing VM operation: ParallelGCFailedAllocation (Allocation Failure)
Event: 11.985 Executing VM operation: ParallelGCFailedAllocation (Allocation Failure) done
Event: 12.055 Executing VM operation: ParallelGCFailedAllocation (Allocation Failure)
Event: 12.059 Executing VM operation: ParallelGCFailedAllocation (Allocation Failure) done
Event: 12.135 Executing VM operation: ParallelGCFailedAllocation (Allocation Failure)
Event: 12.138 Executing VM operation: ParallelGCFailedAllocation (Allocation Failure) done
Event: 12.205 Executing VM operation: HandshakeAllThreads (Deoptimize)
Event: 12.205 Executing VM operation: HandshakeAllThreads (Deoptimize) done
Event: 12.227 Executing VM operation: HandshakeAllThreads (Deoptimize)
Event: 12.227 Executing VM operation: HandshakeAllThreads (Deoptimize) done
Event: 12.241 Executing VM operation: HandshakeAllThreads (Deoptimize)
Event: 12.241 Executing VM operation: HandshakeAllThreads (Deoptimize) done

Memory protections (0 events):
No events

Nmethod flushes (20 events):
Event: 5.406 Thread 0x0000021b889f3710 flushing  nmethod 0x0000021b8c2e2590
Event: 5.406 Thread 0x0000021b889f3710 flushing  nmethod 0x0000021b8c2e3310
Event: 5.406 Thread 0x0000021b889f3710 flushing  nmethod 0x0000021b8c2e3a90
Event: 5.406 Thread 0x0000021b889f3710 flushing  nmethod 0x0000021b8c2e5010
Event: 5.406 Thread 0x0000021b889f3710 flushing  nmethod 0x0000021b8c2e5910
Event: 5.406 Thread 0x0000021b889f3710 flushing  nmethod 0x0000021b8c2e6490
Event: 5.406 Thread 0x0000021b889f3710 flushing  nmethod 0x0000021b8c2e6910
Event: 5.406 Thread 0x0000021b889f3710 flushing  nmethod 0x0000021b8c2e7a10
Event: 5.406 Thread 0x0000021b889f3710 flushing  nmethod 0x0000021b8c2e8c90
Event: 5.406 Thread 0x0000021b889f3710 flushing  nmethod 0x0000021b8c2e8f90
Event: 5.406 Thread 0x0000021b889f3710 flushing  nmethod 0x0000021b8c2f1f90
Event: 5.406 Thread 0x0000021b889f3710 flushing  nmethod 0x0000021b8c2f2490
Event: 5.406 Thread 0x0000021b889f3710 flushing  nmethod 0x0000021b8c2f2d90
Event: 5.406 Thread 0x0000021b889f3710 flushing  nmethod 0x0000021b8c308f90
Event: 5.406 Thread 0x0000021b889f3710 flushing  nmethod 0x0000021b8c322910
Event: 5.406 Thread 0x0000021b889f3710 flushing  nmethod 0x0000021b8c323610
Event: 5.406 Thread 0x0000021b889f3710 flushing  nmethod 0x0000021b8c371a10
Event: 5.406 Thread 0x0000021b889f3710 flushing  nmethod 0x0000021b8c373190
Event: 5.406 Thread 0x0000021b889f3710 flushing  nmethod 0x0000021b8c393310
Event: 5.406 Thread 0x0000021b889f3710 flushing  nmethod 0x0000021b8c3a2210

Events (20 events):
Event: 5.329 Thread 0x0000021b8678f640 Thread added: 0x0000021be6cc6c30
Event: 5.329 Thread 0x0000021b8678f640 Thread added: 0x0000021be6cc8670
Event: 5.330 Thread 0x0000021b8678f640 Thread added: 0x0000021be6cc4b60
Event: 5.442 Thread 0x0000021b8678f640 Thread added: 0x0000021be6cc5880
Event: 5.778 Thread 0x0000021b8678f640 Thread added: 0x0000021be6cc5f10
Event: 5.778 Thread 0x0000021b8678f640 Thread added: 0x0000021be89bece0
Event: 7.889 Thread 0x0000021be6cc1050 Thread added: 0x0000021be89c2e80
Event: 7.889 Thread 0x0000021be6cc1050 Thread added: 0x0000021be89c2160
Event: 7.889 Thread 0x0000021be89c2e80 Thread added: 0x0000021be89bf370
Event: 7.890 Thread 0x0000021be89c2160 Thread added: 0x0000021be89c0db0
Event: 7.890 Thread 0x0000021be89bf370 Thread added: 0x0000021be89c1440
Event: 7.891 Thread 0x0000021be89c1440 Thread added: 0x0000021be89c3510
Event: 7.891 Thread 0x0000021be89c0db0 Thread added: 0x0000021be89c1ad0
Event: 8.675 Thread 0x0000021be6cc7950 Thread added: 0x0000021be89c48c0
Event: 8.806 Thread 0x0000021be6cc7950 Thread added: 0x0000021be89c27f0
Event: 9.878 Thread 0x0000021be6a377c0 Thread exited: 0x0000021be6a377c0
Event: 10.598 Thread 0x0000021be62c6ed0 Thread exited: 0x0000021be62c6ed0
Event: 10.630 Thread 0x0000021be89c27f0 Thread exited: 0x0000021be89c27f0
Event: 10.641 Thread 0x0000021b88a15fd0 Thread added: 0x0000021be62c6ed0
Event: 10.649 Thread 0x0000021b88a15fd0 Thread added: 0x0000021be611b580


Dynamic libraries:
0x00007ff62d950000 - 0x00007ff62d95e000 	c:\Users\ADMIN\.vscode\extensions\redhat.java-1.46.0-win32-x64\jre\21.0.8-win32-x86_64\bin\java.exe
0x00007ffdbb150000 - 0x00007ffdbb345000 	C:\Windows\SYSTEM32\ntdll.dll
0x00007ffdb9e30000 - 0x00007ffdb9eed000 	C:\Windows\System32\KERNEL32.DLL
0x00007ffdb8d50000 - 0x00007ffdb9018000 	C:\Windows\System32\KERNELBASE.dll
0x00007ffdb89b0000 - 0x00007ffdb8ab0000 	C:\Windows\System32\ucrtbase.dll
0x00007ffd93c90000 - 0x00007ffd93cae000 	c:\Users\ADMIN\.vscode\extensions\redhat.java-1.46.0-win32-x64\jre\21.0.8-win32-x86_64\bin\VCRUNTIME140.dll
0x00007ffd8e730000 - 0x00007ffd8e748000 	c:\Users\ADMIN\.vscode\extensions\redhat.java-1.46.0-win32-x64\jre\21.0.8-win32-x86_64\bin\jli.dll
0x00007ffdba6a0000 - 0x00007ffdba840000 	C:\Windows\System32\USER32.dll
0x00007ffdb8930000 - 0x00007ffdb8952000 	C:\Windows\System32\win32u.dll
0x00007ffda0bf0000 - 0x00007ffda0e8a000 	C:\Windows\WinSxS\amd64_microsoft.windows.common-controls_6595b64144ccf1df_6.0.19041.844_none_ca00b6081b84eb1d\COMCTL32.dll
0x00007ffdba380000 - 0x00007ffdba3aa000 	C:\Windows\System32\GDI32.dll
0x00007ffdb9240000 - 0x00007ffdb92de000 	C:\Windows\System32\msvcrt.dll
0x00007ffdb8c40000 - 0x00007ffdb8d4b000 	C:\Windows\System32\gdi32full.dll
0x00007ffdb8890000 - 0x00007ffdb892d000 	C:\Windows\System32\msvcp_win.dll
0x00007ffdb9e00000 - 0x00007ffdb9e30000 	C:\Windows\System32\IMM32.DLL
0x000000006be20000 - 0x000000006be2c000 	C:\Program Files (x86)\360\Total Security\safemon\SafeWrapper.dll
0x00007ffdba2d0000 - 0x00007ffdba37c000 	C:\Windows\System32\ADVAPI32.dll
0x00007ffdb9ef0000 - 0x00007ffdb9f8b000 	C:\Windows\System32\sechost.dll
0x00007ffdba130000 - 0x00007ffdba25b000 	C:\Windows\System32\RPCRT4.dll
0x00007ffd78420000 - 0x00007ffd784cc000 	C:\Program Files (x86)\360\Total Security\safemon\libzdtp64.dll
0x00007ffdba910000 - 0x00007ffdbb052000 	C:\Windows\System32\SHELL32.dll
0x00007ffdb92e0000 - 0x00007ffdb9335000 	C:\Windows\System32\SHLWAPI.dll
0x00007ffdb83b0000 - 0x00007ffdb83ba000 	C:\Windows\SYSTEM32\VERSION.dll
0x00007ffd9dc00000 - 0x00007ffd9dc0c000 	c:\Users\ADMIN\.vscode\extensions\redhat.java-1.46.0-win32-x64\jre\21.0.8-win32-x86_64\bin\vcruntime140_1.dll
0x00007ffd65cf0000 - 0x00007ffd65d7d000 	c:\Users\ADMIN\.vscode\extensions\redhat.java-1.46.0-win32-x64\jre\21.0.8-win32-x86_64\bin\msvcp140.dll
0x00007ffd49690000 - 0x00007ffd4a427000 	c:\Users\ADMIN\.vscode\extensions\redhat.java-1.46.0-win32-x64\jre\21.0.8-win32-x86_64\bin\server\jvm.dll
0x00007ffdba260000 - 0x00007ffdba2cb000 	C:\Windows\System32\WS2_32.dll
0x00007ffdb8600000 - 0x00007ffdb864b000 	C:\Windows\SYSTEM32\POWRPROF.dll
0x00007ffd9f940000 - 0x00007ffd9f967000 	C:\Windows\SYSTEM32\WINMM.dll
0x00007ffdb85e0000 - 0x00007ffdb85f2000 	C:\Windows\SYSTEM32\UMPDC.dll
0x00007ffdb70f0000 - 0x00007ffdb7102000 	C:\Windows\SYSTEM32\kernel.appcore.dll
0x00007ffd9daf0000 - 0x00007ffd9dafa000 	c:\Users\ADMIN\.vscode\extensions\redhat.java-1.46.0-win32-x64\jre\21.0.8-win32-x86_64\bin\jimage.dll
0x00007ffdb6700000 - 0x00007ffdb68e4000 	C:\Windows\SYSTEM32\DBGHELP.DLL
0x00007ffda2460000 - 0x00007ffda248c000 	C:\Windows\SYSTEM32\dbgcore.DLL
0x00007ffdb8b10000 - 0x00007ffdb8b90000 	C:\Windows\System32\bcryptPrimitives.dll
0x00007ffdb5e10000 - 0x00007ffdb5e1f000 	c:\Users\ADMIN\.vscode\extensions\redhat.java-1.46.0-win32-x64\jre\21.0.8-win32-x86_64\bin\instrument.dll
0x00007ffd89380000 - 0x00007ffd8939f000 	c:\Users\ADMIN\.vscode\extensions\redhat.java-1.46.0-win32-x64\jre\21.0.8-win32-x86_64\bin\java.dll
0x00007ffdb6940000 - 0x00007ffdb70d1000 	C:\Windows\SYSTEM32\windows.storage.dll
0x00007ffdb93b0000 - 0x00007ffdb9705000 	C:\Windows\System32\combase.dll
0x00007ffdb8220000 - 0x00007ffdb824c000 	C:\Windows\SYSTEM32\Wldp.dll
0x00007ffdbb060000 - 0x00007ffdbb10e000 	C:\Windows\System32\SHCORE.dll
0x00007ffdb87d0000 - 0x00007ffdb87ef000 	C:\Windows\SYSTEM32\profapi.dll
0x00007ffd89910000 - 0x00007ffd89928000 	c:\Users\ADMIN\.vscode\extensions\redhat.java-1.46.0-win32-x64\jre\21.0.8-win32-x86_64\bin\zip.dll
0x00007ffd9d790000 - 0x00007ffd9d7a0000 	C:\Users\ADMIN\.vscode\extensions\redhat.java-1.46.0-win32-x64\jre\21.0.8-win32-x86_64\bin\net.dll
0x00007ffda4980000 - 0x00007ffda4a8b000 	C:\Windows\SYSTEM32\WINHTTP.dll
0x00007ffdb7f90000 - 0x00007ffdb7ffa000 	C:\Windows\system32\mswsock.dll
0x00007ffd88dc0000 - 0x00007ffd88dd6000 	C:\Users\ADMIN\.vscode\extensions\redhat.java-1.46.0-win32-x64\jre\21.0.8-win32-x86_64\bin\nio.dll
0x00007ffdb5e00000 - 0x00007ffdb5e10000 	c:\Users\ADMIN\.vscode\extensions\redhat.java-1.46.0-win32-x64\jre\21.0.8-win32-x86_64\bin\verify.dll
0x00007ffd9f070000 - 0x00007ffd9f0b4000 	C:\Users\ADMIN\AppData\Roaming\Code\User\globalStorage\redhat.java\1.46.0\config_win\org.eclipse.equinox.launcher\org.eclipse.equinox.launcher.win32.win32.x86_64_1.2.1400.v20250801-0854\eclipse_11916.dll
0x00007ffdba3b0000 - 0x00007ffdba4da000 	C:\Windows\System32\ole32.dll
0x00007ffdb8160000 - 0x00007ffdb8178000 	C:\Windows\SYSTEM32\CRYPTSP.dll
0x00007ffdb78d0000 - 0x00007ffdb7904000 	C:\Windows\system32\rsaenh.dll
0x00007ffdb9020000 - 0x00007ffdb9047000 	C:\Windows\System32\bcrypt.dll
0x00007ffdb8790000 - 0x00007ffdb87be000 	C:\Windows\SYSTEM32\USERENV.dll
0x00007ffdb8180000 - 0x00007ffdb818c000 	C:\Windows\SYSTEM32\CRYPTBASE.dll
0x00007ffdb7c80000 - 0x00007ffdb7cbb000 	C:\Windows\SYSTEM32\IPHLPAPI.DLL
0x00007ffdb9710000 - 0x00007ffdb9718000 	C:\Windows\System32\NSI.dll
0x00007ffd88de0000 - 0x00007ffd88e29000 	C:\Users\ADMIN\AppData\Local\Temp\jna-62130991\jna4695007260133124478.dll
0x00007ffdba120000 - 0x00007ffdba128000 	C:\Windows\System32\PSAPI.DLL
0x00007ffda5420000 - 0x00007ffda5437000 	C:\Windows\SYSTEM32\dhcpcsvc6.DLL
0x00007ffdab940000 - 0x00007ffdab95d000 	C:\Windows\SYSTEM32\dhcpcsvc.DLL
0x00007ffd85020000 - 0x00007ffd85047000 	C:\Users\ADMIN\.gradle\native\1def1411415f61bf3af743bc5b6707747c0891f09f0c88961ee8f79bc544acac\windows-amd64\native-platform.dll
0x00007ffd9c730000 - 0x00007ffd9c73a000 	C:\Users\ADMIN\.vscode\extensions\redhat.java-1.46.0-win32-x64\jre\21.0.8-win32-x86_64\bin\management.dll
0x00007ffd9c230000 - 0x00007ffd9c23b000 	C:\Users\ADMIN\.vscode\extensions\redhat.java-1.46.0-win32-x64\jre\21.0.8-win32-x86_64\bin\management_ext.dll

JVMTI agents:
c:\Users\ADMIN\.vscode\extensions\redhat.java-1.46.0-win32-x64\lombok\lombok-1.18.39-4050.jar path:c:\Users\ADMIN\.vscode\extensions\redhat.java-1.46.0-win32-x64\jre\21.0.8-win32-x86_64\bin\instrument.dll, loaded, initialized, instrumentlib options:none

dbghelp: loaded successfully - version: 4.0.5 - missing functions: none
symbol engine: initialized successfully - sym options: 0x614 - pdb path: .;c:\Users\ADMIN\.vscode\extensions\redhat.java-1.46.0-win32-x64\jre\21.0.8-win32-x86_64\bin;C:\Windows\SYSTEM32;C:\Windows\WinSxS\amd64_microsoft.windows.common-controls_6595b64144ccf1df_6.0.19041.844_none_ca00b6081b84eb1d;C:\Program Files (x86)\360\Total Security\safemon;c:\Users\ADMIN\.vscode\extensions\redhat.java-1.46.0-win32-x64\jre\21.0.8-win32-x86_64\bin\server;C:\Users\ADMIN\AppData\Roaming\Code\User\globalStorage\redhat.java\1.46.0\config_win\org.eclipse.equinox.launcher\org.eclipse.equinox.launcher.win32.win32.x86_64_1.2.1400.v20250801-0854;C:\Users\ADMIN\AppData\Local\Temp\jna-62130991;C:\Users\ADMIN\.gradle\native\1def1411415f61bf3af743bc5b6707747c0891f09f0c88961ee8f79bc544acac\windows-amd64

VM Arguments:
jvm_args: --add-modules=ALL-SYSTEM --add-opens=java.base/java.util=ALL-UNNAMED --add-opens=java.base/java.lang=ALL-UNNAMED --add-opens=java.base/sun.nio.fs=ALL-UNNAMED -Declipse.application=org.eclipse.jdt.ls.core.id1 -Dosgi.bundles.defaultStartLevel=4 -Declipse.product=org.eclipse.jdt.ls.core.product -Djava.import.generatesMetadataFilesAtProjectRoot=false -DDetectVMInstallationsJob.disabled=true -Dfile.encoding=utf8 -XX:+UseParallelGC -XX:GCTimeRatio=4 -XX:AdaptiveSizePolicyWeight=90 -Dsun.zip.disableMemoryMapping=true -Xmx2G -Xms100m -Xlog:disable -javaagent:c:\Users\ADMIN\.vscode\extensions\redhat.java-1.46.0-win32-x64\lombok\lombok-1.18.39-4050.jar -XX:+HeapDumpOnOutOfMemoryError -XX:HeapDumpPath=c:\Users\ADMIN\AppData\Roaming\Code\User\workspaceStorage\5e1af661d9d3fb97cefa863b76c81324\redhat.java -Daether.dependencyCollector.impl=bf 
java_command: c:\Users\ADMIN\.vscode\extensions\redhat.java-1.46.0-win32-x64\server\plugins\org.eclipse.equinox.launcher_1.7.0.v20250519-0528.jar -configuration c:\Users\ADMIN\AppData\Roaming\Code\User\globalStorage\redhat.java\1.46.0\config_win -data c:\Users\ADMIN\AppData\Roaming\Code\User\workspaceStorage\5e1af661d9d3fb97cefa863b76c81324\redhat.java\jdt_ws --pipe=\\.\pipe\lsp-344189295b4f666b117c3404b4ceb5fd-sock
java_class_path (initial): c:\Users\ADMIN\.vscode\extensions\redhat.java-1.46.0-win32-x64\server\plugins\org.eclipse.equinox.launcher_1.7.0.v20250519-0528.jar
Launcher Type: SUN_STANDARD

[Global flags]
    uintx AdaptiveSizePolicyWeight                 = 90                                        {product} {command line}
     intx CICompilerCount                          = 4                                         {product} {ergonomic}
    uintx GCTimeRatio                              = 4                                         {product} {command line}
     bool HeapDumpOnOutOfMemoryError               = true                                   {manageable} {command line}
    ccstr HeapDumpPath                             = c:\Users\ADMIN\AppData\Roaming\Code\User\workspaceStorage\5e1af661d9d3fb97cefa863b76c81324\redhat.java         {manageable} {command line}
   size_t InitialHeapSize                          = 104857600                                 {product} {command line}
   size_t MaxHeapSize                              = 2147483648                                {product} {command line}
   size_t MaxNewSize                               = 715653120                                 {product} {ergonomic}
   size_t MinHeapDeltaBytes                        = 524288                                    {product} {ergonomic}
   size_t MinHeapSize                              = 104857600                                 {product} {command line}
   size_t NewSize                                  = 34603008                                  {product} {ergonomic}
    uintx NonNMethodCodeHeapSize                   = 5839372                                {pd product} {ergonomic}
    uintx NonProfiledCodeHeapSize                  = 122909434                              {pd product} {ergonomic}
   size_t OldSize                                  = 70254592                                  {product} {ergonomic}
    uintx ProfiledCodeHeapSize                     = 122909434                              {pd product} {ergonomic}
    uintx ReservedCodeCacheSize                    = 251658240                              {pd product} {ergonomic}
     bool SegmentedCodeCache                       = true                                      {product} {ergonomic}
   size_t SoftMaxHeapSize                          = 2147483648                             {manageable} {ergonomic}
     bool UseCompressedOops                        = true                           {product lp64_product} {ergonomic}
     bool UseLargePagesIndividualAllocation        = false                                  {pd product} {ergonomic}
     bool UseParallelGC                            = true                                      {product} {command line}

Logging:
Log output configuration:
 #0: stdout all=off uptime,level,tags foldmultilines=false
 #1: stderr all=off uptime,level,tags foldmultilines=false

Environment Variables:
JAVA_HOME=C:\Program Files\Java\jdk-17
PATH=C:\Program Files\Common Files\Oracle\Java\javapath;C:\Program Files (x86)\Common Files\Oracle\Java\javapath;C:\Windows\system32;C:\Windows;C:\Windows\System32\Wbem;C:\Windows\System32\WindowsPowerShell\v1.0\;C:\Windows\System32\OpenSSH\;C:\Program Files\Git\cmd;C:\Program Files\MySQL\MySQL Server 8.0\bin;C:\Program Files\MySQL\MySQL Server 8.0\bin;C:\Program Files\Apache Software Foundation\Tomcat 11.0;C:\Program Files\Microsoft SQL Server\150\Tools\Binn\;C:\Program Files\Microsoft SQL Server\Client SDK\ODBC\170\Tools\Binn\;C:\Program Files\dotnet\;C:\Program Files\nodejs\;C:\Users\ADMIN\AppData\Local\Android\Sdk\platform-tools;C:\Users\ADMIN\AppData\Local\Android\Sdk\build-tools;C:\Program Files\Java\jdk-17\bin;C:\Users\ADMIN\AppData\Local\Android\Sdk\cmdline-tools;C:\Users\ADMIN\AppData\Local\Android\Sdk\tools;C:\Users\ADMIN\AppData\Local\Android\Sdk\tools;C:\Program Files\MySQL\MySQL Shell 8.0\bin\;C:\Users\ADMIN\AppData\Local\Microsoft\WindowsApps;C:\Users\ADMIN\AppData\Local\Programs\Microsoft VS Code\bin;C:\Users\ADMIN\AppData\Local\GitHubDesktop\bin;C:\Users\ADMIN\.dotnet\tools;C:\Users\ADMIN\AppData\Roaming\npm;C:\Program Files\Java\jdk-17\bin;C:\Users\ADMIN\AppData\Local\Android\Sdk\cmdline-tools;
USERNAME=ADMIN
OS=Windows_NT
PROCESSOR_IDENTIFIER=Intel64 Family 6 Model 142 Stepping 10, GenuineIntel
TMP=C:\Users\ADMIN\AppData\Local\Temp
TEMP=C:\Users\ADMIN\AppData\Local\Temp




Periodic native trim disabled

---------------  S Y S T E M  ---------------

OS:
 Windows 10 , 64 bit Build 19041 (10.0.19041.928)
OS uptime: 12 days 21:35 hours

CPU: total 8 (initial active 8) (4 cores per cpu, 2 threads per core) family 6 model 142 stepping 10 microcode 0xf2, cx8, cmov, fxsr, ht, mmx, 3dnowpref, sse, sse2, sse3, ssse3, sse4.1, sse4.2, popcnt, lzcnt, tsc, tscinvbit, avx, avx2, aes, erms, clmul, bmi1, bmi2, rtm, adx, fma, vzeroupper, clflush, clflushopt, rdtscp, f16c
Processor Information for the first 8 processors :
  Max Mhz: 1896, Current Mhz: 1696, Mhz Limit: 1687

Memory: 4k page, system-wide physical 16227M (2700M free)
TotalPageFile size 28727M (AvailPageFile size 8M)
current process WorkingSet (physical memory assigned to process): 330M, peak: 330M
current process commit charge ("private bytes"): 404M, peak: 405M

vm_info: OpenJDK 64-Bit Server VM (21.0.8+9-LTS) for windows-amd64 JRE (21.0.8+9-LTS), built on 2025-07-15T00:00:00Z by "admin" with MS VC++ 17.7 (VS2022)

END.
